<?xml version="1.0" encoding="UTF-8"?>
<!-- Generated by org.testng.reporters.JUnitReportReporter -->
<testsuite skipped="0" hostname="DESKTOP-F0N8GU4" name="Basuc2" tests="1" failures="0" timestamp="13 Apr 2020 15:21:34 GMT" time="2.753" errors="0">
  <testcase name="POSTRequest" time="2.753" classname="Basuc2"/>
</testsuite> <!-- Basuc2 -->
