<?xml version="1.0" encoding="UTF-8"?>
<!-- Generated by org.testng.reporters.JUnitReportReporter -->
<testsuite skipped="0" hostname="DESKTOP-F0N8GU4" name="Get1" tests="1" failures="0" timestamp="13 Apr 2020 14:29:07 GMT" time="4.148" errors="0">
  <testcase name="tset" time="4.148" classname="Get1"/>
</testsuite> <!-- Get1 -->
