<?xml version="1.0" encoding="UTF-8"?>
<!-- Generated by org.testng.reporters.JUnitReportReporter -->
<testsuite skipped="0" hostname="DESKTOP-F0N8GU4" name="ReusableMethod" tests="1" failures="0" timestamp="19 Apr 2020 04:24:19 GMT" time="2.315" errors="0">
  <testcase name="getKey" time="2.315" classname="ReusableMethod"/>
</testsuite> <!-- ReusableMethod -->
