<?xml version="1.0" encoding="UTF-8"?>
<!-- Generated by org.testng.reporters.JUnitReportReporter -->
<testsuite skipped="0" hostname="DESKTOP-F0N8GU4" name="Basic4" tests="1" failures="0" timestamp="19 Apr 2020 04:32:59 GMT" time="2.461" errors="0">
  <testcase name="CreateIssue" time="2.461" classname="Basic4"/>
</testsuite> <!-- Basic4 -->
