<?xml version="1.0" encoding="UTF-8"?>
<!-- Generated by org.testng.reporters.JUnitReportReporter -->
<testsuite skipped="0" hostname="DESKTOP-F0N8GU4" name="Baics" tests="1" failures="0" timestamp="18 Apr 2020 17:56:13 GMT" time="4.384" errors="0">
  <testcase name="Test" time="4.384" classname="Baics"/>
</testsuite> <!-- Baics -->
